<?xml version="1.0" encoding="UTF-8"?>
<!-- Generated by org.testng.reporters.JUnitReportReporter -->
<testsuite hostname="DESKTOP-7SBKKJ1" failures="0" tests="3" name="UAT_SIP2.Check_Offer" time="1.442" errors="0" timestamp="2025-02-28T12:25:25 IST" skipped="0">
  <testcase classname="UAT_SIP2.Check_Offer" name="Vehicle_Details" time="0.082"/>
  <system-out/>
  <testcase classname="UAT_SIP2.Check_Offer" name="CHECK_Offer_TAB" time="1.360"/>
  <system-out/>
  <testcase classname="UAT_SIP2.Check_Offer" name="Verify_Check_Offer_TAB" time="0.000"/>
  <system-out/>
</testsuite> <!-- UAT_SIP2.Check_Offer -->
