<?xml version="1.0" encoding="UTF-8"?>
<!-- Generated by org.testng.reporters.JUnitReportReporter -->
<testsuite hostname="DESKTOP-7SBKKJ1" failures="0" tests="6" name="UAT_SIP2.Check_On_Road_Price" time="1.451" errors="0" timestamp="2025-02-27T10:16:38 IST" skipped="0">
  <testcase classname="UAT_SIP2.Check_On_Road_Price" name="Click_ChecK_On_ROAD_Price" time="0.866"/>
  <system-out/>
  <testcase classname="UAT_SIP2.Check_On_Road_Price" name="All_Details_Of_OnRoad_Price" time="0.388"/>
  <system-out/>
  <testcase classname="UAT_SIP2.Check_On_Road_Price" name="All_Vehicle_Details" time="0.113"/>
  <system-out/>
  <testcase classname="UAT_SIP2.Check_On_Road_Price" name="All_PRICE_Details" time="0.084"/>
  <system-out/>
  <testcase classname="UAT_SIP2.Check_On_Road_Price" name="Validate_Vehicle_Details_with_Check_On_Road_PriceTAB" time="0.000"/>
  <system-out/>
  <testcase classname="UAT_SIP2.Check_On_Road_Price" name="Validate_Check_On_Road_Price_With_PRICE_DETAILS" time="0.000"/>
  <system-out/>
</testsuite> <!-- UAT_SIP2.Check_On_Road_Price -->
