<?xml version="1.0" encoding="UTF-8"?>
<!-- Generated by org.testng.reporters.JUnitReportReporter -->
<testsuite hostname="DESKTOP-7SBKKJ1" failures="0" tests="9" name="SIP.Customer_Tag" time="37.325" errors="0" timestamp="2025-02-24T14:16:20 IST" skipped="0">
  <testcase classname="SIP.Customer_Tag" name="Dealer_User_Login1" time="6.539"/>
  <system-out/>
  <testcase classname="SIP.Customer_Tag" name="Click_On_SIP" time="5.313"/>
  <system-out/>
  <testcase classname="SIP.Customer_Tag" name="Click_On_Additional_Fillter_To_Clear_Data" time="6.149"/>
  <system-out/>
  <testcase classname="SIP.Customer_Tag" name="Click_On_Customer_Page" time="3.312"/>
  <system-out/>
  <testcase classname="SIP.Customer_Tag" name="Verify_VIP" time="3.552"/>
  <system-out/>
  <testcase classname="SIP.Customer_Tag" name="Verify_Marriage" time="3.281"/>
  <system-out/>
  <testcase classname="SIP.Customer_Tag" name="Verify_Birthday" time="3.339"/>
  <system-out/>
  <testcase classname="SIP.Customer_Tag" name="Verify_Anniversary" time="3.324"/>
  <system-out/>
  <testcase classname="SIP.Customer_Tag" name="Verify_Other" time="2.516"/>
  <system-out/>
</testsuite> <!-- SIP.Customer_Tag -->
