<?xml version="1.0" encoding="UTF-8"?>
<!-- Generated by org.testng.reporters.JUnitReportReporter -->
<testsuite hostname="DESKTOP-7SBKKJ1" failures="0" tests="4" name="SIP.Invalid_Captcha" time="2.829" errors="0" timestamp="2025-02-20T17:16:14 IST" skipped="0">
  <testcase classname="SIP.Invalid_Captcha" name="MSPIN" time="1.917"/>
  <system-out/>
  <testcase classname="SIP.Invalid_Captcha" name="SendOTP" time="0.251"/>
  <system-out/>
  <testcase classname="SIP.Invalid_Captcha" name="Captcha" time="0.321"/>
  <system-out/>
  <testcase classname="SIP.Invalid_Captcha" name="VerifyCaptcha" time="0.340"/>
  <system-out/>
</testsuite> <!-- SIP.Invalid_Captcha -->
