<?xml version="1.0" encoding="UTF-8"?>
<!-- Generated by org.testng.reporters.JUnitReportReporter -->
<testsuite hostname="DESKTOP-7SBKKJ1" failures="0" tests="4" name="SIP.Invalid_Captcha" time="2.671" errors="0" timestamp="2025-02-21T11:44:46 IST" skipped="0">
  <testcase classname="SIP.Invalid_Captcha" name="MSPIN" time="1.840"/>
  <system-out/>
  <testcase classname="SIP.Invalid_Captcha" name="SendOTP" time="0.214"/>
  <system-out/>
  <testcase classname="SIP.Invalid_Captcha" name="Captcha" time="0.301"/>
  <system-out/>
  <testcase classname="SIP.Invalid_Captcha" name="VerifyCaptcha" time="0.316"/>
  <system-out/>
</testsuite> <!-- SIP.Invalid_Captcha -->
