<?xml version="1.0" encoding="UTF-8"?>
<!-- Generated by org.testng.reporters.JUnitReportReporter -->
<testsuite hostname="DESKTOP-7SBKKJ1" failures="0" tests="5" name="SIP2.Invalid_MSPIN" time="2.141" errors="0" timestamp="2025-02-20T15:28:15 IST" skipped="0">
  <testcase classname="SIP2.Invalid_MSPIN" name="VerifyCaptcha" time="1.338"/>
  <system-out/>
  <testcase classname="SIP2.Invalid_MSPIN" name="Captcha" time="0.444"/>
  <system-out/>
  <testcase classname="SIP2.Invalid_MSPIN" name="SendOTP" time="0.114"/>
  <system-out/>
  <testcase classname="SIP2.Invalid_MSPIN" name="TestMSPIN" time="0.089"/>
  <system-out/>
  <testcase classname="SIP2.Invalid_MSPIN" name="MSPIN" time="0.156"/>
  <system-out/>
</testsuite> <!-- SIP2.Invalid_MSPIN -->
