<?xml version="1.0" encoding="UTF-8"?>
<!-- Generated by org.testng.reporters.JUnitReportReporter -->
<testsuite hostname="DESKTOP-7SBKKJ1" failures="0" tests="20" name="SIP.Customer_Query_For_product" time="28.066" errors="0" timestamp="2025-02-21T17:45:28 IST" skipped="0">
  <testcase classname="SIP.Customer_Query_For_product" name="Dealer_User_Login1" time="5.935"/>
  <system-out/>
  <testcase classname="SIP.Customer_Query_For_product" name="Click_On_SIP" time="4.194"/>
  <system-out/>
  <testcase classname="SIP.Customer_Query_For_product" name="Click_On_Additional_Fillter_To_Clear_Data" time="5.467"/>
  <system-out/>
  <testcase classname="SIP.Customer_Query_For_product" name="Click_On_Customer_Page" time="0.534"/>
  <system-out/>
  <testcase classname="SIP.Customer_Query_For_product" name="Customer_Query_of_Product" time="2.561"/>
  <system-out/>
  <testcase classname="SIP.Customer_Query_For_product" name="Select_PRODUCT" time="0.662"/>
  <system-out/>
  <testcase classname="SIP.Customer_Query_For_product" name="Write_Query_And_SAVE_for_Product" time="0.766"/>
  <system-out/>
  <testcase classname="SIP.Customer_Query_For_product" name="Click_On_Query_History_for_Product" time="1.231"/>
  <system-out/>
  <testcase classname="SIP.Customer_Query_For_product" name="Customer_Remarks_for_Product" time="0.079"/>
  <system-out/>
  <testcase classname="SIP.Customer_Query_For_product" name="CRE_Remarks_for_Product" time="1.339"/>
  <system-out/>
  <testcase classname="SIP.Customer_Query_For_product" name="Status_Closed_for_Product" time="0.058"/>
  <system-out/>
  <testcase classname="SIP.Customer_Query_For_product" name="Match_status_For_Product" time="0.510"/>
  <system-out/>
  <testcase classname="SIP.Customer_Query_For_product" name="Customer_Query_of_Payment" time="0.133"/>
  <system-out/>
  <testcase classname="SIP.Customer_Query_For_product" name="Select_Payment" time="0.635"/>
  <system-out/>
  <testcase classname="SIP.Customer_Query_For_product" name="Write_Query_And_SAVE_for_Payment" time="0.756"/>
  <system-out/>
  <testcase classname="SIP.Customer_Query_For_product" name="Click_On_Query_History_for_Payment" time="1.201"/>
  <system-out/>
  <testcase classname="SIP.Customer_Query_For_product" name="Customer_Remarks_for_Payment" time="0.074"/>
  <system-out/>
  <testcase classname="SIP.Customer_Query_For_product" name="CRE_Remarks_for_Payment" time="1.374"/>
  <system-out/>
  <testcase classname="SIP.Customer_Query_For_product" name="Status_Closed_for_Payment" time="0.053"/>
  <system-out/>
  <testcase classname="SIP.Customer_Query_For_product" name="Match_status_For_Payment" time="0.504"/>
  <system-out/>
</testsuite> <!-- SIP.Customer_Query_For_product -->
