<?xml version="1.0" encoding="UTF-8"?>
<!-- Generated by org.testng.reporters.JUnitReportReporter -->
<testsuite hostname="DESKTOP-7SBKKJ1" failures="1" tests="7" name="SIP.Login_Valid_MSPIN" time="17.308" errors="0" timestamp="2025-02-21T11:44:46 IST" skipped="1">
  <testcase classname="SIP.Login_Valid_MSPIN" name="OTP" time="16.117">
    <failure message="OTP field is not writable. Test Failed!" type="java.lang.AssertionError">
      <![CDATA[java.lang.AssertionError: OTP field is not writable. Test Failed!
at org.testng.Assert.fail(Assert.java:99)
at SIP.Login_Valid_MSPIN.OTP(Login_Valid_MSPIN.java:123)
at java.base/jdk.internal.reflect.DirectMethodHandleAccessor.invoke(DirectMethodHandleAccessor.java:103)
at java.base/java.lang.reflect.Method.invoke(Method.java:580)
at org.testng.internal.MethodInvocationHelper.invokeMethod(MethodInvocationHelper.java:133)
at org.testng.internal.TestInvoker.invokeMethod(TestInvoker.java:598)
at org.testng.internal.TestInvoker.invokeTestMethod(TestInvoker.java:173)
at org.testng.internal.MethodRunner.runInSequence(MethodRunner.java:46)
at org.testng.internal.TestInvoker$MethodInvocationAgent.invoke(TestInvoker.java:824)
at org.testng.internal.TestInvoker.invokeTestMethods(TestInvoker.java:146)
at org.testng.internal.TestMethodWorker.invokeTestMethods(TestMethodWorker.java:146)
at org.testng.internal.TestMethodWorker.run(TestMethodWorker.java:128)
at java.base/java.util.ArrayList.forEach(ArrayList.java:1597)
at org.testng.TestRunner.privateRun(TestRunner.java:794)
at org.testng.TestRunner.run(TestRunner.java:596)
at org.testng.SuiteRunner.runTest(SuiteRunner.java:377)
at org.testng.SuiteRunner.runSequentially(SuiteRunner.java:371)
at org.testng.SuiteRunner.privateRun(SuiteRunner.java:332)
at org.testng.SuiteRunner.run(SuiteRunner.java:276)
at org.testng.SuiteRunnerWorker.runSuite(SuiteRunnerWorker.java:53)
at org.testng.SuiteRunnerWorker.run(SuiteRunnerWorker.java:96)
at org.testng.TestNG.runSuitesSequentially(TestNG.java:1212)
at org.testng.TestNG.runSuitesLocally(TestNG.java:1134)
at org.testng.TestNG.runSuites(TestNG.java:1063)
at org.testng.TestNG.run(TestNG.java:1031)
at org.testng.remote.AbstractRemoteTestNG.run(AbstractRemoteTestNG.java:115)
at org.testng.remote.RemoteTestNG.initAndRun(RemoteTestNG.java:293)
at org.testng.remote.RemoteTestNG.main(RemoteTestNG.java:91)
]]>
    </failure>
  </testcase> <!-- OTP -->
  <system-out/>
  <testcase classname="SIP.Login_Valid_MSPIN" name="click_On_Login" time="0.000">
    <skipped/>
  </testcase> <!-- click_On_Login -->
  <system-out/>
  <testcase classname="SIP.Login_Valid_MSPIN" name="Captcha" time="0.362"/>
  <system-out/>
  <testcase classname="SIP.Login_Valid_MSPIN" name="TestMSPIN" time="0.195"/>
  <system-out/>
  <testcase classname="SIP.Login_Valid_MSPIN" name="MSPIN" time="0.201"/>
  <system-out/>
  <testcase classname="SIP.Login_Valid_MSPIN" name="SendOTP" time="0.215"/>
  <system-out/>
  <testcase classname="SIP.Login_Valid_MSPIN" name="VerifyCaptcha" time="0.218"/>
  <system-out/>
</testsuite> <!-- SIP.Login_Valid_MSPIN -->
