<?xml version="1.0" encoding="UTF-8"?>
<!-- Generated by org.testng.reporters.JUnitReportReporter -->
<testsuite hostname="DESKTOP-7SBKKJ1" failures="0" tests="3" name="UAT_SIP2.SVOC" time="1.133" errors="0" timestamp="2025-02-28T12:25:25 IST" skipped="0">
  <testcase classname="UAT_SIP2.SVOC" name="Customer_Name" time="0.083"/>
  <system-out/>
  <testcase classname="UAT_SIP2.SVOC" name="SVOC_Customer_Name" time="0.987"/>
  <system-out/>
  <testcase classname="UAT_SIP2.SVOC" name="Booking_NO" time="0.063"/>
  <system-out/>
</testsuite> <!-- UAT_SIP2.SVOC -->
