<?xml version="1.0" encoding="UTF-8"?>
<!-- Generated by org.testng.reporters.JUnitReportReporter -->
<testsuite hostname="DESKTOP-7SBKKJ1" failures="0" tests="1" name="UAT_SIP.Canncelled_boking" time="2.161" errors="0" timestamp="2025-02-20T14:46:20 IST" skipped="0">
  <testcase classname="UAT_SIP.Canncelled_boking" name="Click_On_Cancelled_Booking" time="2.161"/>
  <system-out/>
</testsuite> <!-- UAT_SIP.Canncelled_boking -->
