<?xml version="1.0" encoding="UTF-8"?>
<!-- Generated by org.testng.reporters.JUnitReportReporter -->
<testsuite hostname="DESKTOP-7SBKKJ1" failures="0" tests="10" name="SIP.Check_On_Road_Price" time="24.964" errors="0" timestamp="2025-02-25T14:31:07 IST" skipped="0">
  <testcase classname="SIP.Check_On_Road_Price" name="Dealer_User_Login1" time="6.448"/>
  <system-out/>
  <testcase classname="SIP.Check_On_Road_Price" name="Click_On_SIP" time="6.359"/>
  <system-out/>
  <testcase classname="SIP.Check_On_Road_Price" name="Click_On_Additional_Fillter_To_Clear_Data" time="5.817"/>
  <system-out/>
  <testcase classname="SIP.Check_On_Road_Price" name="Click_On_Customer_Page" time="5.007"/>
  <system-out/>
  <testcase classname="SIP.Check_On_Road_Price" name="Click_ChecK_On_ROAD_Price" time="0.242"/>
  <system-out/>
  <testcase classname="SIP.Check_On_Road_Price" name="All_Details_Of_OnRoad_Price" time="0.651"/>
  <system-out/>
  <testcase classname="SIP.Check_On_Road_Price" name="All_Vehicle_Details" time="0.218"/>
  <system-out/>
  <testcase classname="SIP.Check_On_Road_Price" name="All_PRICE_Details" time="0.217"/>
  <system-out/>
  <testcase classname="SIP.Check_On_Road_Price" name="Validate_Vehicle_Details_with_Check_On_Road_PriceTAB" time="0.005"/>
  <system-out/>
  <testcase classname="SIP.Check_On_Road_Price" name="Validate_Check_On_Road_Price_With_PRICE_DETAILS" time="0.000"/>
  <system-out/>
</testsuite> <!-- SIP.Check_On_Road_Price -->
