<?xml version="1.0" encoding="UTF-8"?>
<!-- Generated by org.testng.reporters.JUnitReportReporter -->
<testsuite hostname="DESKTOP-7SBKKJ1" failures="0" tests="20" name="UAT_SIP2.Customer_Query" time="128.758" errors="0" timestamp="2025-02-24T14:56:18 IST" skipped="0">
  <testcase classname="UAT_SIP2.Customer_Query" name="Product_Query_Flow" time="11.620"/>
  <system-out/>
  <testcase classname="UAT_SIP2.Customer_Query" name="Validate_Product_Query" time="1.519"/>
  <system-out/>
  <testcase classname="UAT_SIP2.Customer_Query" name="Payment_Query_Flow" time="11.202"/>
  <system-out/>
  <testcase classname="UAT_SIP2.Customer_Query" name="Validate_Payment_Query" time="1.522"/>
  <system-out/>
  <testcase classname="UAT_SIP2.Customer_Query" name="Extended_Warranty_Query_Flow" time="11.186"/>
  <system-out/>
  <testcase classname="UAT_SIP2.Customer_Query" name="Extended_Warranty_Payment_Query" time="1.533"/>
  <system-out/>
  <testcase classname="UAT_SIP2.Customer_Query" name="Maruti_Insurance_Query_Flow" time="11.452"/>
  <system-out/>
  <testcase classname="UAT_SIP2.Customer_Query" name="Maruti_Insurance_Query" time="1.517"/>
  <system-out/>
  <testcase classname="UAT_SIP2.Customer_Query" name="Loyalty_Card_Query_Flow" time="11.396"/>
  <system-out/>
  <testcase classname="UAT_SIP2.Customer_Query" name="Loyalty_Card_Query" time="1.517"/>
  <system-out/>
  <testcase classname="UAT_SIP2.Customer_Query" name="True_Value_Query_Flow" time="11.208"/>
  <system-out/>
  <testcase classname="UAT_SIP2.Customer_Query" name="True_Value_Query" time="1.541"/>
  <system-out/>
  <testcase classname="UAT_SIP2.Customer_Query" name="Delivery_Query_Flow" time="11.262"/>
  <system-out/>
  <testcase classname="UAT_SIP2.Customer_Query" name="Delivery_Query" time="1.532"/>
  <system-out/>
  <testcase classname="UAT_SIP2.Customer_Query" name="MSGA_Flow" time="11.425"/>
  <system-out/>
  <testcase classname="UAT_SIP2.Customer_Query" name="MSGA_Query" time="1.532"/>
  <system-out/>
  <testcase classname="UAT_SIP2.Customer_Query" name="Booking_Amendment_Flow" time="11.348"/>
  <system-out/>
  <testcase classname="UAT_SIP2.Customer_Query" name="Booking_Amendment_Query" time="1.536"/>
  <system-out/>
  <testcase classname="UAT_SIP2.Customer_Query" name="Others_Flow" time="11.385"/>
  <system-out/>
  <testcase classname="UAT_SIP2.Customer_Query" name="Others_Query" time="1.525"/>
  <system-out/>
</testsuite> <!-- UAT_SIP2.Customer_Query -->
