<?xml version="1.0" encoding="UTF-8"?>
<!-- Generated by org.testng.reporters.JUnitReportReporter -->
<testsuite hostname="DESKTOP-7SBKKJ1" failures="0" tests="3" name="UAT_SIP2.Check_Offer" time="1.248" errors="0" timestamp="2025-02-27T10:16:37 IST" skipped="0">
  <testcase classname="UAT_SIP2.Check_Offer" name="Vehicle_Details" time="0.059"/>
  <system-out/>
  <testcase classname="UAT_SIP2.Check_Offer" name="CHECK_Offer_TAB" time="1.188"/>
  <system-out/>
  <testcase classname="UAT_SIP2.Check_Offer" name="Verify_Check_Offer_TAB" time="0.001"/>
  <system-out/>
</testsuite> <!-- UAT_SIP2.Check_Offer -->
