<?xml version="1.0" encoding="UTF-8"?>
<!-- Generated by org.testng.reporters.JUnitReportReporter -->
<testsuite hostname="DESKTOP-7SBKKJ1" failures="0" tests="2" name="UAT_SIP.Dealer_User_Login" time="11.620" errors="0" timestamp="2025-02-21T10:55:13 IST" skipped="0">
  <testcase classname="UAT_SIP.Dealer_User_Login" name="Dealer_User_Login1" time="6.471"/>
  <system-out/>
  <testcase classname="UAT_SIP.Dealer_User_Login" name="Click_On_SIP" time="5.149"/>
  <system-out/>
</testsuite> <!-- UAT_SIP.Dealer_User_Login -->
