<?xml version="1.0" encoding="UTF-8"?>
<!-- Generated by org.testng.reporters.JUnitReportReporter -->
<testsuite hostname="DESKTOP-7SBKKJ1" failures="0" tests="10" name="SIP.Additional_Fillter" time="60.034" errors="0" timestamp="2025-02-28T14:04:29 IST" skipped="0">
  <testcase classname="SIP.Additional_Fillter" name="Dealer_User_Login1" time="6.607"/>
  <system-out/>
  <testcase classname="SIP.Additional_Fillter" name="Click_On_SIP" time="5.504"/>
  <system-out/>
  <testcase classname="SIP.Additional_Fillter" name="Click_On_Additional_Fillter_To_Clear_Data" time="0.655"/>
  <system-out/>
  <testcase classname="SIP.Additional_Fillter" name="Verify_Booking_Date_Fillter" time="8.461"/>
  <system-out/>
  <testcase classname="SIP.Additional_Fillter" name="Verify_MODEL_Fillter" time="7.609"/>
  <system-out/>
  <testcase classname="SIP.Additional_Fillter" name="Verify_Varient_Fillter" time="7.518"/>
  <system-out/>
  <testcase classname="SIP.Additional_Fillter" name="Verify_Booking_Amount_Fillter" time="7.589"/>
  <system-out/>
  <testcase classname="SIP.Additional_Fillter" name="Verify_Sales_Executive_NAME_Fillter" time="7.507"/>
  <system-out/>
  <testcase classname="SIP.Additional_Fillter" name="Verify_Tentative_DeliveryDATE_Fillter" time="8.397"/>
  <system-out/>
  <testcase classname="SIP.Additional_Fillter" name="Close_Additional_Fillter" time="0.187"/>
  <system-out/>
</testsuite> <!-- SIP.Additional_Fillter -->
