<?xml version="1.0" encoding="UTF-8"?>
<!-- Generated by org.testng.reporters.JUnitReportReporter -->
<testsuite hostname="DESKTOP-7SBKKJ1" failures="0" tests="5" name="SIP.Invalid_MSPIN" time="2.614" errors="0" timestamp="2025-02-24T10:56:54 IST" skipped="0">
  <testcase classname="SIP.Invalid_MSPIN" name="SendOTP" time="0.231"/>
  <system-out/>
  <testcase classname="SIP.Invalid_MSPIN" name="TestMSPIN" time="0.183"/>
  <system-out/>
  <testcase classname="SIP.Invalid_MSPIN" name="Captcha" time="0.539"/>
  <system-out/>
  <testcase classname="SIP.Invalid_MSPIN" name="VerifyCaptcha" time="1.402"/>
  <system-out/>
  <testcase classname="SIP.Invalid_MSPIN" name="MSPIN" time="0.259"/>
  <system-out/>
</testsuite> <!-- SIP.Invalid_MSPIN -->
