<?xml version="1.0" encoding="UTF-8"?>
<!-- Generated by org.testng.reporters.JUnitReportReporter -->
<testsuite hostname="DESKTOP-7SBKKJ1" failures="0" tests="5" name="SIP.Invalid_MSPIN" time="2.124" errors="0" timestamp="2025-02-21T11:44:46 IST" skipped="0">
  <testcase classname="SIP.Invalid_MSPIN" name="SendOTP" time="0.251"/>
  <system-out/>
  <testcase classname="SIP.Invalid_MSPIN" name="VerifyCaptcha" time="1.105"/>
  <system-out/>
  <testcase classname="SIP.Invalid_MSPIN" name="Captcha" time="0.329"/>
  <system-out/>
  <testcase classname="SIP.Invalid_MSPIN" name="TestMSPIN" time="0.173"/>
  <system-out/>
  <testcase classname="SIP.Invalid_MSPIN" name="MSPIN" time="0.266"/>
  <system-out/>
</testsuite> <!-- SIP.Invalid_MSPIN -->
