<?xml version="1.0" encoding="UTF-8"?>
<!-- Generated by org.testng.reporters.JUnitReportReporter -->
<testsuite hostname="DESKTOP-7SBKKJ1" failures="0" tests="8" name="SIP.Select_Payment_On_Customer_Query" time="30.620" errors="0" timestamp="2025-02-20T16:19:23 IST" skipped="0">
  <testcase classname="SIP.Select_Payment_On_Customer_Query" name="Dealer_User_Login1" time="6.405"/>
  <system-out/>
  <testcase classname="SIP.Select_Payment_On_Customer_Query" name="Click_On_SIP" time="4.615"/>
  <system-out/>
  <testcase classname="SIP.Select_Payment_On_Customer_Query" name="Click_On_Additional_Fillter_To_Clear_Data" time="5.838"/>
  <system-out/>
  <testcase classname="SIP.Select_Payment_On_Customer_Query" name="Click_On_Customer_Page" time="0.645"/>
  <system-out/>
  <testcase classname="SIP.Select_Payment_On_Customer_Query" name="Click_On_Customer_Query" time="4.847"/>
  <system-out/>
  <testcase classname="SIP.Select_Payment_On_Customer_Query" name="Click_On_Select_Product" time="1.776"/>
  <system-out/>
  <testcase classname="SIP.Select_Payment_On_Customer_Query" name="Click_On_Query_History" time="5.979"/>
  <system-out/>
  <testcase classname="SIP.Select_Payment_On_Customer_Query" name="Match_Product_Query_will_punched" time="0.515"/>
  <system-out/>
</testsuite> <!-- SIP.Select_Payment_On_Customer_Query -->
