<?xml version="1.0" encoding="UTF-8"?>
<!-- Generated by org.testng.reporters.JUnitReportReporter -->
<testsuite hostname="DESKTOP-7SBKKJ1" failures="0" tests="5" name="UAT_SIP2.Customer_Tag" time="15.690" errors="0" timestamp="2025-02-24T14:56:18 IST" skipped="0">
  <testcase classname="UAT_SIP2.Customer_Tag" name="Verify_VIP" time="3.511"/>
  <system-out/>
  <testcase classname="UAT_SIP2.Customer_Tag" name="Verify_Marriage" time="3.176"/>
  <system-out/>
  <testcase classname="UAT_SIP2.Customer_Tag" name="Verify_Birthday" time="3.262"/>
  <system-out/>
  <testcase classname="UAT_SIP2.Customer_Tag" name="Verify_Anniversary" time="3.300"/>
  <system-out/>
  <testcase classname="UAT_SIP2.Customer_Tag" name="Verify_Other" time="2.441"/>
  <system-out/>
</testsuite> <!-- UAT_SIP2.Customer_Tag -->
