<?xml version="1.0" encoding="UTF-8"?>
<!-- Generated by org.testng.reporters.JUnitReportReporter -->
<testsuite hostname="DESKTOP-7SBKKJ1" failures="0" tests="4" name="UAT_SIP.Tentative_Waiting_and_Final_Delivery_Date" time="22.993" errors="0" timestamp="2025-02-21T14:45:40 IST" skipped="0">
  <testcase classname="UAT_SIP.Tentative_Waiting_and_Final_Delivery_Date" name="Click_On_Pending_Booking" time="2.111"/>
  <system-out/>
  <testcase classname="UAT_SIP.Tentative_Waiting_and_Final_Delivery_Date" name="Click_Customer" time="5.772"/>
  <system-out/>
  <testcase classname="UAT_SIP.Tentative_Waiting_and_Final_Delivery_Date" name="Tentative_Waiting_Period_Difference" time="3.230"/>
  <system-out/>
  <testcase classname="UAT_SIP.Tentative_Waiting_and_Final_Delivery_Date" name="Edit_Final_Delivery_Date" time="11.880"/>
  <system-out/>
</testsuite> <!-- UAT_SIP.Tentative_Waiting_and_Final_Delivery_Date -->
