<?xml version="1.0" encoding="UTF-8"?>
<!-- Generated by org.testng.reporters.JUnitReportReporter -->
<testsuite hostname="DESKTOP-7SBKKJ1" failures="0" tests="2" name="SIP.Dealer_User_LoginDEMO" time="10.114" errors="0" timestamp="2025-02-19T16:29:22 IST" skipped="0">
  <testcase classname="SIP.Dealer_User_LoginDEMO" name="Dealer_User_Login1" time="6.262"/>
  <system-out/>
  <testcase classname="SIP.Dealer_User_LoginDEMO" name="Click_On_SIP" time="3.852"/>
  <system-out/>
</testsuite> <!-- SIP.Dealer_User_LoginDEMO -->
