<?xml version="1.0" encoding="UTF-8"?>
<!-- Generated by org.testng.reporters.JUnitReportReporter -->
<testsuite hostname="DESKTOP-7SBKKJ1" failures="0" tests="10" name="UAT_SIP2.Additional_Fillter" time="48.426" errors="0" timestamp="2025-02-28T12:25:25 IST" skipped="0">
  <testcase classname="UAT_SIP2.Additional_Fillter" name="Dealer_User_Login1" time="4.607"/>
  <system-out/>
  <testcase classname="UAT_SIP2.Additional_Fillter" name="Click_On_SIP" time="6.619"/>
  <system-out/>
  <testcase classname="UAT_SIP2.Additional_Fillter" name="Click_On_Additional_Fillter_To_Clear_Data" time="1.362"/>
  <system-out/>
  <testcase classname="UAT_SIP2.Additional_Fillter" name="Verify_Booking_Date_Fillter" time="6.658"/>
  <system-out/>
  <testcase classname="UAT_SIP2.Additional_Fillter" name="Verify_MODEL_Fillter" time="5.742"/>
  <system-out/>
  <testcase classname="UAT_SIP2.Additional_Fillter" name="Verify_Varient_Fillter" time="5.699"/>
  <system-out/>
  <testcase classname="UAT_SIP2.Additional_Fillter" name="Verify_Booking_Amount_Fillter" time="5.674"/>
  <system-out/>
  <testcase classname="UAT_SIP2.Additional_Fillter" name="Verify_Sales_Executive_NAME_Fillter" time="5.566"/>
  <system-out/>
  <testcase classname="UAT_SIP2.Additional_Fillter" name="Verify_Tentative_DeliveryDATE_Fillter" time="6.315"/>
  <system-out/>
  <testcase classname="UAT_SIP2.Additional_Fillter" name="Close_Additional_Fillter" time="0.184"/>
  <system-out/>
</testsuite> <!-- UAT_SIP2.Additional_Fillter -->
