<?xml version="1.0" encoding="UTF-8"?>
<!-- Generated by org.testng.reporters.JUnitReportReporter -->
<testsuite hostname="DESKTOP-7SBKKJ1" failures="0" tests="6" name="SIP.Invalid_OTP" time="2.765" errors="0" timestamp="2025-02-20T17:16:14 IST" skipped="0">
  <testcase classname="SIP.Invalid_OTP" name="MSPIN" time="0.390"/>
  <system-out/>
  <testcase classname="SIP.Invalid_OTP" name="SendOTP" time="0.222"/>
  <system-out/>
  <testcase classname="SIP.Invalid_OTP" name="Captcha" time="0.312"/>
  <system-out/>
  <testcase classname="SIP.Invalid_OTP" name="VerifyCaptcha" time="0.164"/>
  <system-out/>
  <testcase classname="SIP.Invalid_OTP" name="OTP" time="0.792"/>
  <system-out/>
  <testcase classname="SIP.Invalid_OTP" name="click_On_Login" time="0.885"/>
  <system-out/>
</testsuite> <!-- SIP.Invalid_OTP -->
