<?xml version="1.0" encoding="UTF-8"?>
<!-- Generated by org.testng.reporters.JUnitReportReporter -->
<testsuite hostname="DESKTOP-7SBKKJ1" failures="0" tests="8" name="SIP.Select_MarutiInsurance_On_Customer_Query" time="39.763" errors="0" timestamp="2025-02-21T11:10:14 IST" skipped="0">
  <testcase classname="SIP.Select_MarutiInsurance_On_Customer_Query" name="Dealer_User_Login1" time="6.498"/>
  <system-out/>
  <testcase classname="SIP.Select_MarutiInsurance_On_Customer_Query" name="Click_On_SIP" time="5.370"/>
  <system-out/>
  <testcase classname="SIP.Select_MarutiInsurance_On_Customer_Query" name="Click_On_Additional_Fillter_To_Clear_Data" time="5.846"/>
  <system-out/>
  <testcase classname="SIP.Select_MarutiInsurance_On_Customer_Query" name="Click_On_Customer_Page" time="1.024"/>
  <system-out/>
  <testcase classname="SIP.Select_MarutiInsurance_On_Customer_Query" name="Click_On_Customer_Query" time="4.078"/>
  <system-out/>
  <testcase classname="SIP.Select_MarutiInsurance_On_Customer_Query" name="Click_On_Select_MarutiInsurance" time="6.696"/>
  <system-out/>
  <testcase classname="SIP.Select_MarutiInsurance_On_Customer_Query" name="Click_On_Query_History" time="9.740"/>
  <system-out/>
  <testcase classname="SIP.Select_MarutiInsurance_On_Customer_Query" name="Match_ExtendWarranty_Query_will_punched" time="0.511"/>
  <system-out/>
</testsuite> <!-- SIP.Select_MarutiInsurance_On_Customer_Query -->
