<?xml version="1.0" encoding="UTF-8"?>
<!-- Generated by org.testng.reporters.JUnitReportReporter -->
<testsuite hostname="DESKTOP-7SBKKJ1" failures="0" tests="5" name="UAT_SIP2.Customer_Tag" time="19.524" errors="0" timestamp="2025-02-27T10:16:37 IST" skipped="0">
  <testcase classname="UAT_SIP2.Customer_Tag" name="Verify_VIP" time="4.381"/>
  <system-out/>
  <testcase classname="UAT_SIP2.Customer_Tag" name="Verify_Marriage" time="3.999"/>
  <system-out/>
  <testcase classname="UAT_SIP2.Customer_Tag" name="Verify_Birthday" time="4.028"/>
  <system-out/>
  <testcase classname="UAT_SIP2.Customer_Tag" name="Verify_Anniversary" time="3.982"/>
  <system-out/>
  <testcase classname="UAT_SIP2.Customer_Tag" name="Verify_Other" time="3.134"/>
  <system-out/>
</testsuite> <!-- UAT_SIP2.Customer_Tag -->
