<?xml version="1.0" encoding="UTF-8"?>
<!-- Generated by org.testng.reporters.JUnitReportReporter -->
<testsuite hostname="DESKTOP-7SBKKJ1" failures="0" tests="4" name="SIP2.Invalid_Captcha" time="1.985" errors="0" timestamp="2025-02-20T15:28:15 IST" skipped="0">
  <testcase classname="SIP2.Invalid_Captcha" name="MSPIN" time="1.560"/>
  <system-out/>
  <testcase classname="SIP2.Invalid_Captcha" name="SendOTP" time="0.089"/>
  <system-out/>
  <testcase classname="SIP2.Invalid_Captcha" name="Captcha" time="0.159"/>
  <system-out/>
  <testcase classname="SIP2.Invalid_Captcha" name="VerifyCaptcha" time="0.177"/>
  <system-out/>
</testsuite> <!-- SIP2.Invalid_Captcha -->
