<?xml version="1.0" encoding="UTF-8"?>
<!-- Generated by org.testng.reporters.JUnitReportReporter -->
<testsuite hostname="DESKTOP-7SBKKJ1" failures="0" tests="20" name="UAT_SIP2.Customer_Query" time="132.175" errors="0" timestamp="2025-02-28T12:25:25 IST" skipped="0">
  <testcase classname="UAT_SIP2.Customer_Query" name="Product_Query_Flow" time="11.753"/>
  <system-out/>
  <testcase classname="UAT_SIP2.Customer_Query" name="Validate_Product_Query" time="1.533"/>
  <system-out/>
  <testcase classname="UAT_SIP2.Customer_Query" name="Payment_Query_Flow" time="11.598"/>
  <system-out/>
  <testcase classname="UAT_SIP2.Customer_Query" name="Validate_Payment_Query" time="1.519"/>
  <system-out/>
  <testcase classname="UAT_SIP2.Customer_Query" name="Extended_Warranty_Query_Flow" time="11.721"/>
  <system-out/>
  <testcase classname="UAT_SIP2.Customer_Query" name="Extended_Warranty_Payment_Query" time="1.522"/>
  <system-out/>
  <testcase classname="UAT_SIP2.Customer_Query" name="Maruti_Insurance_Query_Flow" time="11.511"/>
  <system-out/>
  <testcase classname="UAT_SIP2.Customer_Query" name="Maruti_Insurance_Query" time="1.534"/>
  <system-out/>
  <testcase classname="UAT_SIP2.Customer_Query" name="Loyalty_Card_Query_Flow" time="11.941"/>
  <system-out/>
  <testcase classname="UAT_SIP2.Customer_Query" name="Loyalty_Card_Query" time="1.543"/>
  <system-out/>
  <testcase classname="UAT_SIP2.Customer_Query" name="True_Value_Query_Flow" time="11.599"/>
  <system-out/>
  <testcase classname="UAT_SIP2.Customer_Query" name="True_Value_Query" time="1.525"/>
  <system-out/>
  <testcase classname="UAT_SIP2.Customer_Query" name="Delivery_Query_Flow" time="11.750"/>
  <system-out/>
  <testcase classname="UAT_SIP2.Customer_Query" name="Delivery_Query" time="1.526"/>
  <system-out/>
  <testcase classname="UAT_SIP2.Customer_Query" name="MSGA_Flow" time="11.612"/>
  <system-out/>
  <testcase classname="UAT_SIP2.Customer_Query" name="MSGA_Query" time="1.528"/>
  <system-out/>
  <testcase classname="UAT_SIP2.Customer_Query" name="Booking_Amendment_Flow" time="11.727"/>
  <system-out/>
  <testcase classname="UAT_SIP2.Customer_Query" name="Booking_Amendment_Query" time="1.519"/>
  <system-out/>
  <testcase classname="UAT_SIP2.Customer_Query" name="Others_Flow" time="11.685"/>
  <system-out/>
  <testcase classname="UAT_SIP2.Customer_Query" name="Others_Query" time="1.529"/>
  <system-out/>
</testsuite> <!-- UAT_SIP2.Customer_Query -->
