<?xml version="1.0" encoding="UTF-8"?>
<!-- Generated by org.testng.reporters.JUnitReportReporter -->
<testsuite hostname="DESKTOP-7SBKKJ1" failures="0" tests="6" name="UAT_SIP2.Check_On_Road_Price" time="1.909" errors="0" timestamp="2025-02-28T12:25:25 IST" skipped="0">
  <testcase classname="UAT_SIP2.Check_On_Road_Price" name="Click_ChecK_On_ROAD_Price" time="0.998"/>
  <system-out/>
  <testcase classname="UAT_SIP2.Check_On_Road_Price" name="All_Details_Of_OnRoad_Price" time="0.569"/>
  <system-out/>
  <testcase classname="UAT_SIP2.Check_On_Road_Price" name="All_Vehicle_Details" time="0.150"/>
  <system-out/>
  <testcase classname="UAT_SIP2.Check_On_Road_Price" name="All_PRICE_Details" time="0.189"/>
  <system-out/>
  <testcase classname="UAT_SIP2.Check_On_Road_Price" name="Validate_Vehicle_Details_with_Check_On_Road_PriceTAB" time="0.002"/>
  <system-out/>
  <testcase classname="UAT_SIP2.Check_On_Road_Price" name="Validate_Check_On_Road_Price_With_PRICE_DETAILS" time="0.001"/>
  <system-out/>
</testsuite> <!-- UAT_SIP2.Check_On_Road_Price -->
