<?xml version="1.0" encoding="UTF-8"?>
<!-- Generated by org.testng.reporters.JUnitReportReporter -->
<testsuite hostname="DESKTOP-7SBKKJ1" failures="0" tests="5" name="SIP.Additional_Fillter" time="26.982" errors="0" timestamp="2025-02-27T17:13:59 IST" skipped="0">
  <testcase classname="SIP.Additional_Fillter" name="Dealer_User_Login1" time="5.946"/>
  <system-out/>
  <testcase classname="SIP.Additional_Fillter" name="Click_On_SIP" time="5.455"/>
  <system-out/>
  <testcase classname="SIP.Additional_Fillter" name="Click_On_Additional_Fillter_To_Clear_Data" time="0.371"/>
  <system-out/>
  <testcase classname="SIP.Additional_Fillter" name="Verify_Booking_Date_Fillter" time="7.849"/>
  <system-out/>
  <testcase classname="SIP.Additional_Fillter" name="Verify_MODEL_Fillter" time="7.361"/>
  <system-out/>
</testsuite> <!-- SIP.Additional_Fillter -->
