<?xml version="1.0" encoding="UTF-8"?>
<!-- Generated by org.testng.reporters.JUnitReportReporter -->
<testsuite hostname="DESKTOP-7SBKKJ1" failures="0" tests="6" name="SIP2.Invalid_OTP" time="2.703" errors="0" timestamp="2025-02-20T15:28:15 IST" skipped="0">
  <testcase classname="SIP2.Invalid_OTP" name="MSPIN" time="0.188"/>
  <system-out/>
  <testcase classname="SIP2.Invalid_OTP" name="SendOTP" time="0.095"/>
  <system-out/>
  <testcase classname="SIP2.Invalid_OTP" name="Captcha" time="0.203"/>
  <system-out/>
  <testcase classname="SIP2.Invalid_OTP" name="VerifyCaptcha" time="0.076"/>
  <system-out/>
  <testcase classname="SIP2.Invalid_OTP" name="OTP" time="0.921"/>
  <system-out/>
  <testcase classname="SIP2.Invalid_OTP" name="click_On_Login" time="1.220"/>
  <system-out/>
</testsuite> <!-- SIP2.Invalid_OTP -->
