<?xml version="1.0" encoding="UTF-8"?>
<!-- Generated by org.testng.reporters.JUnitReportReporter -->
<testsuite hostname="DESKTOP-7SBKKJ1" failures="0" tests="7" name="SIP.Check_Offer" time="24.555" errors="0" timestamp="2025-02-26T12:40:42 IST" skipped="0">
  <testcase classname="SIP.Check_Offer" name="Dealer_User_Login1" time="6.485"/>
  <system-out/>
  <testcase classname="SIP.Check_Offer" name="Click_On_SIP" time="5.425"/>
  <system-out/>
  <testcase classname="SIP.Check_Offer" name="Click_On_Additional_Fillter_To_Clear_Data" time="6.404"/>
  <system-out/>
  <testcase classname="SIP.Check_Offer" name="Click_On_Customer_Page" time="4.690"/>
  <system-out/>
  <testcase classname="SIP.Check_Offer" name="Vehicle_Details" time="0.119"/>
  <system-out/>
  <testcase classname="SIP.Check_Offer" name="CHECK_Offer_TAB" time="1.430"/>
  <system-out/>
  <testcase classname="SIP.Check_Offer" name="Verify_Check_Offer_TAB" time="0.002"/>
  <system-out/>
</testsuite> <!-- SIP.Check_Offer -->
