<?xml version="1.0" encoding="UTF-8"?>
<!-- Generated by org.testng.reporters.JUnitReportReporter -->
<testsuite hostname="DESKTOP-7SBKKJ1" failures="0" tests="8" name="SIP.Customer_Query_Button_Pending_Booking" time="27.359" errors="0" timestamp="2025-02-19T12:27:30 IST" skipped="0">
  <testcase classname="SIP.Customer_Query_Button_Pending_Booking" name="Dealer_User_Login1" time="2.518"/>
  <system-out/>
  <testcase classname="SIP.Customer_Query_Button_Pending_Booking" name="Click_On_SIP" time="5.432"/>
  <system-out/>
  <testcase classname="SIP.Customer_Query_Button_Pending_Booking" name="Click_On_Additional_Fillter_To_Clear_Data" time="6.415"/>
  <system-out/>
  <testcase classname="SIP.Customer_Query_Button_Pending_Booking" name="Click_On_Customer_Page" time="0.806"/>
  <system-out/>
  <testcase classname="SIP.Customer_Query_Button_Pending_Booking" name="Click_On_Customer_Query" time="3.759"/>
  <system-out/>
  <testcase classname="SIP.Customer_Query_Button_Pending_Booking" name="Click_On_Select_Product" time="1.935"/>
  <system-out/>
  <testcase classname="SIP.Customer_Query_Button_Pending_Booking" name="Click_On_Query_History" time="5.980"/>
  <system-out/>
  <testcase classname="SIP.Customer_Query_Button_Pending_Booking" name="Match_Product_Query_will_punched" time="0.514"/>
  <system-out/>
</testsuite> <!-- SIP.Customer_Query_Button_Pending_Booking -->
