<?xml version="1.0" encoding="UTF-8"?>
<!-- Generated by org.testng.reporters.JUnitReportReporter -->
<testsuite hostname="DESKTOP-7SBKKJ1" failures="0" tests="10" name="SIP.SVOC" time="23.827" errors="0" timestamp="2025-02-26T12:12:48 IST" skipped="0">
  <testcase classname="SIP.SVOC" name="Dealer_User_Login1" time="6.522"/>
  <system-out/>
  <testcase classname="SIP.SVOC" name="Click_On_SIP" time="5.666"/>
  <system-out/>
  <testcase classname="SIP.SVOC" name="Click_On_Additional_Fillter_To_Clear_Data" time="5.810"/>
  <system-out/>
  <testcase classname="SIP.SVOC" name="Booking_Id" time="0.079"/>
  <system-out/>
  <testcase classname="SIP.SVOC" name="Click_On_Customer_Page" time="4.553"/>
  <system-out/>
  <testcase classname="SIP.SVOC" name="Customer_Name" time="0.112"/>
  <system-out/>
  <testcase classname="SIP.SVOC" name="SVOC_Customer_Name" time="0.987"/>
  <system-out/>
  <testcase classname="SIP.SVOC" name="Verify_Customer_NAME_with_SVOC" time="0.007"/>
  <system-out/>
  <testcase classname="SIP.SVOC" name="Booking_NO" time="0.090"/>
  <system-out/>
  <testcase classname="SIP.SVOC" name="Verify_Booking_ID" time="0.001"/>
  <system-out/>
</testsuite> <!-- SIP.SVOC -->
