<?xml version="1.0" encoding="UTF-8"?>
<!-- Generated by org.testng.reporters.JUnitReportReporter -->
<testsuite hostname="DESKTOP-7SBKKJ1" failures="0" tests="8" name="SIP.Select_ExtendWarranty_On_Customer_Query" time="38.468" errors="0" timestamp="2025-02-21T10:25:21 IST" skipped="0">
  <testcase classname="SIP.Select_ExtendWarranty_On_Customer_Query" name="Dealer_User_Login1" time="6.089"/>
  <system-out/>
  <testcase classname="SIP.Select_ExtendWarranty_On_Customer_Query" name="Click_On_SIP" time="4.707"/>
  <system-out/>
  <testcase classname="SIP.Select_ExtendWarranty_On_Customer_Query" name="Click_On_Additional_Fillter_To_Clear_Data" time="5.872"/>
  <system-out/>
  <testcase classname="SIP.Select_ExtendWarranty_On_Customer_Query" name="Click_On_Customer_Page" time="1.552"/>
  <system-out/>
  <testcase classname="SIP.Select_ExtendWarranty_On_Customer_Query" name="Click_On_Customer_Query" time="3.876"/>
  <system-out/>
  <testcase classname="SIP.Select_ExtendWarranty_On_Customer_Query" name="Click_On_Select_ExtendWarranty" time="6.391"/>
  <system-out/>
  <testcase classname="SIP.Select_ExtendWarranty_On_Customer_Query" name="Click_On_Query_History" time="9.468"/>
  <system-out/>
  <testcase classname="SIP.Select_ExtendWarranty_On_Customer_Query" name="Match_ExtendWarranty_Query_will_punched" time="0.513"/>
  <system-out/>
</testsuite> <!-- SIP.Select_ExtendWarranty_On_Customer_Query -->
