<?xml version="1.0" encoding="UTF-8"?>
<!-- Generated by org.testng.reporters.JUnitReportReporter -->
<testsuite hostname="DESKTOP-7SBKKJ1" failures="0" tests="4" name="UAT_SIP.Select_MarutiInsurance_On_Customer_Query" time="16.757" errors="0" timestamp="2025-02-21T14:45:40 IST" skipped="0">
  <testcase classname="UAT_SIP.Select_MarutiInsurance_On_Customer_Query" name="Click_On_Customer_Query" time="0.141"/>
  <system-out/>
  <testcase classname="UAT_SIP.Select_MarutiInsurance_On_Customer_Query" name="Click_On_Select_MarutiInsurance" time="6.547"/>
  <system-out/>
  <testcase classname="UAT_SIP.Select_MarutiInsurance_On_Customer_Query" name="Click_On_Query_History" time="9.554"/>
  <system-out/>
  <testcase classname="UAT_SIP.Select_MarutiInsurance_On_Customer_Query" name="Match_ExtendWarranty_Query_will_punched" time="0.515"/>
  <system-out/>
</testsuite> <!-- UAT_SIP.Select_MarutiInsurance_On_Customer_Query -->
