<?xml version="1.0" encoding="UTF-8"?>
<!-- Generated by org.testng.reporters.JUnitReportReporter -->
<testsuite hostname="DESKTOP-7SBKKJ1" failures="0" tests="6" name="SIP.Invalid_OTP" time="3.209" errors="0" timestamp="2025-02-24T10:56:54 IST" skipped="0">
  <testcase classname="SIP.Invalid_OTP" name="MSPIN" time="0.367"/>
  <system-out/>
  <testcase classname="SIP.Invalid_OTP" name="SendOTP" time="0.229"/>
  <system-out/>
  <testcase classname="SIP.Invalid_OTP" name="Captcha" time="0.406"/>
  <system-out/>
  <testcase classname="SIP.Invalid_OTP" name="VerifyCaptcha" time="0.165"/>
  <system-out/>
  <testcase classname="SIP.Invalid_OTP" name="OTP" time="1.110"/>
  <system-out/>
  <testcase classname="SIP.Invalid_OTP" name="click_On_Login" time="0.932"/>
  <system-out/>
</testsuite> <!-- SIP.Invalid_OTP -->
