<?xml version="1.0" encoding="UTF-8"?>
<!-- Generated by org.testng.reporters.JUnitReportReporter -->
<testsuite hostname="DESKTOP-7SBKKJ1" failures="0" tests="20" name="UAT_SIP2.Customer_Query" time="122.589" errors="0" timestamp="2025-02-27T10:16:38 IST" skipped="0">
  <testcase classname="UAT_SIP2.Customer_Query" name="Product_Query_Flow" time="10.804"/>
  <system-out/>
  <testcase classname="UAT_SIP2.Customer_Query" name="Validate_Product_Query" time="1.530"/>
  <system-out/>
  <testcase classname="UAT_SIP2.Customer_Query" name="Payment_Query_Flow" time="10.699"/>
  <system-out/>
  <testcase classname="UAT_SIP2.Customer_Query" name="Validate_Payment_Query" time="1.533"/>
  <system-out/>
  <testcase classname="UAT_SIP2.Customer_Query" name="Extended_Warranty_Query_Flow" time="10.844"/>
  <system-out/>
  <testcase classname="UAT_SIP2.Customer_Query" name="Extended_Warranty_Payment_Query" time="1.532"/>
  <system-out/>
  <testcase classname="UAT_SIP2.Customer_Query" name="Maruti_Insurance_Query_Flow" time="10.672"/>
  <system-out/>
  <testcase classname="UAT_SIP2.Customer_Query" name="Maruti_Insurance_Query" time="1.515"/>
  <system-out/>
  <testcase classname="UAT_SIP2.Customer_Query" name="Loyalty_Card_Query_Flow" time="10.709"/>
  <system-out/>
  <testcase classname="UAT_SIP2.Customer_Query" name="Loyalty_Card_Query" time="1.535"/>
  <system-out/>
  <testcase classname="UAT_SIP2.Customer_Query" name="True_Value_Query_Flow" time="10.691"/>
  <system-out/>
  <testcase classname="UAT_SIP2.Customer_Query" name="True_Value_Query" time="1.516"/>
  <system-out/>
  <testcase classname="UAT_SIP2.Customer_Query" name="Delivery_Query_Flow" time="10.585"/>
  <system-out/>
  <testcase classname="UAT_SIP2.Customer_Query" name="Delivery_Query" time="1.529"/>
  <system-out/>
  <testcase classname="UAT_SIP2.Customer_Query" name="MSGA_Flow" time="10.741"/>
  <system-out/>
  <testcase classname="UAT_SIP2.Customer_Query" name="MSGA_Query" time="1.537"/>
  <system-out/>
  <testcase classname="UAT_SIP2.Customer_Query" name="Booking_Amendment_Flow" time="10.765"/>
  <system-out/>
  <testcase classname="UAT_SIP2.Customer_Query" name="Booking_Amendment_Query" time="1.537"/>
  <system-out/>
  <testcase classname="UAT_SIP2.Customer_Query" name="Others_Flow" time="10.777"/>
  <system-out/>
  <testcase classname="UAT_SIP2.Customer_Query" name="Others_Query" time="1.538"/>
  <system-out/>
</testsuite> <!-- UAT_SIP2.Customer_Query -->
