<?xml version="1.0" encoding="UTF-8"?>
<!-- Generated by org.testng.reporters.JUnitReportReporter -->
<testsuite hostname="DESKTOP-7SBKKJ1" failures="0" tests="2" name="SIP.Dealer_User_Login" time="6.889" errors="0" timestamp="2025-02-19T16:06:03 IST" skipped="0">
  <testcase classname="SIP.Dealer_User_Login" name="Dealer_User_Login1" time="2.267"/>
  <system-out/>
  <testcase classname="SIP.Dealer_User_Login" name="Click_On_SIP" time="4.622"/>
  <system-out/>
</testsuite> <!-- SIP.Dealer_User_Login -->
