<?xml version="1.0" encoding="UTF-8"?>
<!-- Generated by org.testng.reporters.JUnitReportReporter -->
<testsuite hostname="DESKTOP-7SBKKJ1" failures="0" tests="8" name="SIP.Select_LoyalityCard_On_Customer_Query" time="36.629" errors="0" timestamp="2025-02-21T12:27:08 IST" skipped="0">
  <testcase classname="SIP.Select_LoyalityCard_On_Customer_Query" name="Dealer_User_Login1" time="6.027"/>
  <system-out/>
  <testcase classname="SIP.Select_LoyalityCard_On_Customer_Query" name="Click_On_SIP" time="4.032"/>
  <system-out/>
  <testcase classname="SIP.Select_LoyalityCard_On_Customer_Query" name="Click_On_Additional_Fillter_To_Clear_Data" time="5.469"/>
  <system-out/>
  <testcase classname="SIP.Select_LoyalityCard_On_Customer_Query" name="Click_On_Customer_Page" time="0.572"/>
  <system-out/>
  <testcase classname="SIP.Select_LoyalityCard_On_Customer_Query" name="Click_On_Customer_Query" time="4.320"/>
  <system-out/>
  <testcase classname="SIP.Select_LoyalityCard_On_Customer_Query" name="Click_On_Select_LoyalityCard" time="6.382"/>
  <system-out/>
  <testcase classname="SIP.Select_LoyalityCard_On_Customer_Query" name="Click_On_Query_History" time="9.306"/>
  <system-out/>
  <testcase classname="SIP.Select_LoyalityCard_On_Customer_Query" name="Match_ExtendWarranty_Query_will_punched" time="0.521"/>
  <system-out/>
</testsuite> <!-- SIP.Select_LoyalityCard_On_Customer_Query -->
