<?xml version="1.0" encoding="UTF-8"?>
<!-- Generated by org.testng.reporters.JUnitReportReporter -->
<testsuite hostname="DESKTOP-7SBKKJ1" failures="0" tests="4" name="UAT_SIP.Tentative_Waiting_and_Final_Delivery_Date" time="14.496" errors="0" timestamp="2025-02-20T17:13:57 IST" skipped="0">
  <testcase classname="UAT_SIP.Tentative_Waiting_and_Final_Delivery_Date" name="Click_On_Pending_Booking" time="2.148"/>
  <system-out/>
  <testcase classname="UAT_SIP.Tentative_Waiting_and_Final_Delivery_Date" name="Click_Customer" time="7.801"/>
  <system-out/>
  <testcase classname="UAT_SIP.Tentative_Waiting_and_Final_Delivery_Date" name="Tentative_Waiting_Period_Difference" time="0.208"/>
  <system-out/>
  <testcase classname="UAT_SIP.Tentative_Waiting_and_Final_Delivery_Date" name="Edit_Final_Delivery_Date" time="4.339"/>
  <system-out/>
</testsuite> <!-- UAT_SIP.Tentative_Waiting_and_Final_Delivery_Date -->
