<?xml version="1.0" encoding="UTF-8"?>
<!-- Generated by org.testng.reporters.JUnitReportReporter -->
<testsuite hostname="DESKTOP-7SBKKJ1" failures="0" tests="4" name="UAT_SIP.Select_ExtendWarranty_On_Customer_Query" time="16.952" errors="0" timestamp="2025-02-21T14:45:40 IST" skipped="0">
  <testcase classname="UAT_SIP.Select_ExtendWarranty_On_Customer_Query" name="Click_On_Customer_Query" time="0.207"/>
  <system-out/>
  <testcase classname="UAT_SIP.Select_ExtendWarranty_On_Customer_Query" name="Click_On_Select_ExtendWarranty" time="6.604"/>
  <system-out/>
  <testcase classname="UAT_SIP.Select_ExtendWarranty_On_Customer_Query" name="Click_On_Query_History" time="9.620"/>
  <system-out/>
  <testcase classname="UAT_SIP.Select_ExtendWarranty_On_Customer_Query" name="Match_ExtendWarranty_Query_will_punched" time="0.521"/>
  <system-out/>
</testsuite> <!-- UAT_SIP.Select_ExtendWarranty_On_Customer_Query -->
