<?xml version="1.0" encoding="UTF-8"?>
<!-- Generated by org.testng.reporters.JUnitReportReporter -->
<testsuite hostname="DESKTOP-7SBKKJ1" failures="0" tests="9" name="SIP.Customer_Tag" time="44.164" errors="0" timestamp="2025-02-26T10:43:13 IST" skipped="0">
  <testcase classname="SIP.Customer_Tag" name="Dealer_User_Login1" time="6.492"/>
  <system-out/>
  <testcase classname="SIP.Customer_Tag" name="Click_On_SIP" time="5.503"/>
  <system-out/>
  <testcase classname="SIP.Customer_Tag" name="Click_On_Additional_Fillter_To_Clear_Data" time="6.166"/>
  <system-out/>
  <testcase classname="SIP.Customer_Tag" name="Click_On_Customer_Page" time="4.922"/>
  <system-out/>
  <testcase classname="SIP.Customer_Tag" name="Verify_VIP" time="4.487"/>
  <system-out/>
  <testcase classname="SIP.Customer_Tag" name="Verify_Marriage" time="4.313"/>
  <system-out/>
  <testcase classname="SIP.Customer_Tag" name="Verify_Birthday" time="4.346"/>
  <system-out/>
  <testcase classname="SIP.Customer_Tag" name="Verify_Anniversary" time="4.360"/>
  <system-out/>
  <testcase classname="SIP.Customer_Tag" name="Verify_Other" time="3.575"/>
  <system-out/>
</testsuite> <!-- SIP.Customer_Tag -->
