<?xml version="1.0" encoding="UTF-8"?>
<!-- Generated by org.testng.reporters.JUnitReportReporter -->
<testsuite hostname="DESKTOP-7SBKKJ1" failures="0" tests="24" name="SIP.Customer_QueryDEMO" time="152.006" errors="0" timestamp="2025-02-24T11:14:23 IST" skipped="0">
  <testcase classname="SIP.Customer_QueryDEMO" name="Dealer_User_Login1" time="6.373"/>
  <system-out/>
  <testcase classname="SIP.Customer_QueryDEMO" name="Click_On_SIP" time="5.886"/>
  <system-out/>
  <testcase classname="SIP.Customer_QueryDEMO" name="Click_On_Additional_Fillter_To_Clear_Data" time="5.709"/>
  <system-out/>
  <testcase classname="SIP.Customer_QueryDEMO" name="Click_On_Customer_Page" time="3.942"/>
  <system-out/>
  <testcase classname="SIP.Customer_QueryDEMO" name="Product_Query_Flow" time="11.617"/>
  <system-out/>
  <testcase classname="SIP.Customer_QueryDEMO" name="Validate_Product_Query" time="1.541"/>
  <system-out/>
  <testcase classname="SIP.Customer_QueryDEMO" name="Payment_Query_Flow" time="11.546"/>
  <system-out/>
  <testcase classname="SIP.Customer_QueryDEMO" name="Validate_Payment_Query" time="1.528"/>
  <system-out/>
  <testcase classname="SIP.Customer_QueryDEMO" name="Extended_Warranty_Query_Flow" time="11.529"/>
  <system-out/>
  <testcase classname="SIP.Customer_QueryDEMO" name="Extended_Warranty_Payment_Query" time="1.519"/>
  <system-out/>
  <testcase classname="SIP.Customer_QueryDEMO" name="Maruti_Insurance_Query_Flow" time="11.596"/>
  <system-out/>
  <testcase classname="SIP.Customer_QueryDEMO" name="Maruti_Insurance_Query" time="1.527"/>
  <system-out/>
  <testcase classname="SIP.Customer_QueryDEMO" name="Loyalty_Card_Query_Flow" time="11.486"/>
  <system-out/>
  <testcase classname="SIP.Customer_QueryDEMO" name="Loyalty_Card_Query" time="1.523"/>
  <system-out/>
  <testcase classname="SIP.Customer_QueryDEMO" name="True_Value_Query_Flow" time="11.472"/>
  <system-out/>
  <testcase classname="SIP.Customer_QueryDEMO" name="True_Value_Query" time="1.529"/>
  <system-out/>
  <testcase classname="SIP.Customer_QueryDEMO" name="Delivery_Query_Flow" time="11.491"/>
  <system-out/>
  <testcase classname="SIP.Customer_QueryDEMO" name="Delivery_Query" time="1.523"/>
  <system-out/>
  <testcase classname="SIP.Customer_QueryDEMO" name="MSGA_Flow" time="11.227"/>
  <system-out/>
  <testcase classname="SIP.Customer_QueryDEMO" name="MSGA_Query" time="1.522"/>
  <system-out/>
  <testcase classname="SIP.Customer_QueryDEMO" name="Booking_Amendment_Flow" time="11.592"/>
  <system-out/>
  <testcase classname="SIP.Customer_QueryDEMO" name="Booking_Amendment_Query" time="1.537"/>
  <system-out/>
  <testcase classname="SIP.Customer_QueryDEMO" name="Others_Flow" time="11.268"/>
  <system-out/>
  <testcase classname="SIP.Customer_QueryDEMO" name="Others_Query" time="1.523"/>
  <system-out/>
</testsuite> <!-- SIP.Customer_QueryDEMO -->
