<?xml version="1.0" encoding="UTF-8"?>
<!-- Generated by org.testng.reporters.JUnitReportReporter -->
<testsuite hostname="DESKTOP-7SBKKJ1" failures="0" tests="7" name="UAT_SIP2.Tentative_Waiting_and_Final_Delivery_Date" time="30.843" errors="0" timestamp="2025-02-28T12:25:25 IST" skipped="0">
  <testcase classname="UAT_SIP2.Tentative_Waiting_and_Final_Delivery_Date" name="Click_On_Pending_Booking" time="2.091"/>
  <system-out/>
  <testcase classname="UAT_SIP2.Tentative_Waiting_and_Final_Delivery_Date" name="Booking_Id" time="3.091"/>
  <system-out/>
  <testcase classname="UAT_SIP2.Tentative_Waiting_and_Final_Delivery_Date" name="Click_Customer" time="10.425"/>
  <system-out/>
  <testcase classname="UAT_SIP2.Tentative_Waiting_and_Final_Delivery_Date" name="Booking_NO" time="0.064"/>
  <system-out/>
  <testcase classname="UAT_SIP2.Tentative_Waiting_and_Final_Delivery_Date" name="Tentative_Waiting_Period_Difference" time="3.265"/>
  <system-out/>
  <testcase classname="UAT_SIP2.Tentative_Waiting_and_Final_Delivery_Date" name="Edit_Final_Delivery_Date" time="11.907"/>
  <system-out/>
  <testcase classname="UAT_SIP2.Tentative_Waiting_and_Final_Delivery_Date" name="Verify_Booking_ID" time="0.000"/>
  <system-out/>
</testsuite> <!-- UAT_SIP2.Tentative_Waiting_and_Final_Delivery_Date -->
