<?xml version="1.0" encoding="UTF-8"?>
<!-- Generated by org.testng.reporters.JUnitReportReporter -->
<testsuite hostname="DESKTOP-7SBKKJ1" failures="0" tests="5" name="UAT_SIP2.Customer_Tag" time="20.877" errors="0" timestamp="2025-02-28T12:25:25 IST" skipped="0">
  <testcase classname="UAT_SIP2.Customer_Tag" name="Verify_VIP" time="4.467"/>
  <system-out/>
  <testcase classname="UAT_SIP2.Customer_Tag" name="Verify_Marriage" time="4.330"/>
  <system-out/>
  <testcase classname="UAT_SIP2.Customer_Tag" name="Verify_Birthday" time="4.350"/>
  <system-out/>
  <testcase classname="UAT_SIP2.Customer_Tag" name="Verify_Anniversary" time="4.263"/>
  <system-out/>
  <testcase classname="UAT_SIP2.Customer_Tag" name="Verify_Other" time="3.467"/>
  <system-out/>
</testsuite> <!-- UAT_SIP2.Customer_Tag -->
